<?xml version="1.0" encoding="UTF-8"?>
<!-- Generated by org.testng.reporters.JUnitXMLReporter -->
<testsuite ignored="0" hostname="DESKTOP-C6LQQP0" failures="1" tests="1" name="Test(failed)" time="11.385" errors="0" timestamp="2026-01-22T16:55:02 IST">
  <testcase classname="testCases.TC003_loginDDT" name="verfiy_loginDDT" time="1.867">
    <failure type="java.lang.AssertionError" message="expected [true] but found [false]">
      <![CDATA[java.lang.AssertionError: expected [true] but found [false]
at testCases.TC003_loginDDT.verfiy_loginDDT(TC003_loginDDT.java:48)
at java.base/java.util.ArrayList.forEach(ArrayList.java:1596)
... Removed 29 stack frames]]>
    </failure>
  </testcase> <!-- verfiy_loginDDT -->
</testsuite> <!-- Test(failed) -->
